2020-09-01 18:04:41,121:INFO:PyCaret Clustering Module
2020-09-01 18:04:41,121:INFO:version 2.0
2020-09-01 18:04:41,121:INFO:Initializing setup()
2020-09-01 18:04:41,122:INFO:USI: 0e45
2020-09-01 18:04:41,122:INFO:setup(data=(7665, 11), categorical_features=None, categorical_imputation=constant, ordinal_features=None, high_cardinality_features=None, 
                    numeric_features=None, numeric_imputation=mean, date_features=None, ignore_features=['ID'], normalize=True,
                    normalize_method=zscore, transformation=False, transformation_method=yeo-johnson, handle_unknown_categorical=True, unknown_categorical_method=least_frequent, pca=False, pca_method=linear,
                    pca_components=None, ignore_low_variance=False, combine_rare_levels=False, rare_level_threshold=0.1, bin_numeric_features=None,
                    remove_multicollinearity=False, multicollinearity_threshold=0.9, group_features=None,
                    group_names=None, supervised=False, supervised_target=None, n_jobs=-1, html=True, session_id=123, log_experiment=False,
                    experiment_name=None, log_plots=False, log_profile=False, log_data=False, silent=False, verbose=True, profile=False)
2020-09-01 18:04:41,122:INFO:Checking environment
2020-09-01 18:04:41,122:INFO:python_version: 3.7.7
2020-09-01 18:04:41,123:INFO:python_build: ('default', 'Mar 23 2020 22:36:06')
2020-09-01 18:04:41,123:INFO:machine: x86_64
2020-09-01 18:04:41,126:INFO:platform: Linux-5.4.0-45-generic-x86_64-with-debian-bullseye-sid
2020-09-01 18:04:41,223:INFO:Memory: svmem(total=3970531328, available=1769824256, percent=55.4, used=1698213888, free=185872384, active=2046013440, inactive=1373814784, buffers=141549568, cached=1944895488, shared=232374272, slab=231759872)
2020-09-01 18:04:41,226:INFO:Physical Core: 4
2020-09-01 18:04:41,226:INFO:Logical Core: 4
2020-09-01 18:04:41,226:INFO:Checking libraries
2020-09-01 18:04:41,226:INFO:pd==1.0.5
2020-09-01 18:04:41,226:INFO:numpy==1.19.1
2020-09-01 18:04:48,009:INFO:sklearn==0.23.2
2020-09-01 18:04:48,039:INFO:kmodes==0.10.2
2020-09-01 18:04:52,375:INFO:mlflow==1.10.0
2020-09-01 18:04:52,376:INFO:Checking Exceptions
2020-09-01 18:04:52,376:INFO:Preloading libraries
2020-09-01 18:04:52,540:INFO:Preparing display monitor
2020-09-01 18:04:52,601:INFO:Importing libraries
2020-09-01 18:04:52,601:INFO:Declaring global variables
2020-09-01 18:04:52,602:INFO:Copying data for preprocessing
2020-09-01 18:04:52,630:INFO:Declaring preprocessing parameters
2020-09-01 18:04:52,631:INFO:Importing preprocessing module
2020-09-01 18:05:01,706:INFO:Creating preprocessing pipeline
2020-09-01 18:05:05,648:INFO:Preprocessing pipeline created successfully
2020-09-01 18:05:05,649:INFO:Creating grid variables
2020-09-01 18:05:05,661:INFO:Creating global containers
2020-09-01 18:05:07,730:INFO:Pipeline(memory=None,
         steps=[('dtypes',
                 DataTypes_Auto_infer(categorical_features=[],
                                      display_types=True,
                                      features_todrop=['ID'],
                                      ml_usecase='regression',
                                      numerical_features=[],
                                      target='dummy_target',
                                      time_features=[])),
                ('imputer',
                 Simple_Imputer(categorical_strategy='not_available',
                                numeric_strategy='mean',
                                target_variable=None)),
                ('new_levels1',
                 New_Catagoric...
                ('group', Empty()),
                ('scaling',
                 Scaling_and_Power_transformation(function_to_apply='zscore',
                                                  random_state_quantile=123,
                                                  target='dummy_target')),
                ('P_transform', Empty()), ('binn', Empty()),
                ('fix_perfect', Empty()), ('rem_outliers', Empty()),
                ('dummy', Dummify(target='dummy_target')),
                ('clean_names', Clean_Colum_Names()), ('fix_multi', Empty()),
                ('pca', Empty())],
         verbose=False)
2020-09-01 18:05:07,730:INFO:setup() succesfully completed......................................
2020-09-01 18:07:36,911:INFO:Initializing create_model()
2020-09-01 18:07:36,911:INFO:create_model(model=kmeans, num_clusters=None, ground_truth=None, verbose=True, system=True)
2020-09-01 18:07:36,911:INFO:Checking exceptions
2020-09-01 18:07:36,912:INFO:Preloading libraries
2020-09-01 18:07:36,912:INFO:Setting num_cluster param
2020-09-01 18:07:36,914:INFO:Preparing display monitor
2020-09-01 18:07:37,002:INFO:Importing untrained model
2020-09-01 18:07:37,002:INFO:K-Means Clustering Imported succesfully
2020-09-01 18:07:37,022:INFO:Fitting Model
2020-09-01 18:07:39,517:INFO:Evaluating Metrics
2020-09-01 18:07:44,090:INFO:Creating Metrics dataframe
2020-09-01 18:07:44,115:INFO:KMeans(algorithm='auto', copy_x=True, init='k-means++', max_iter=300,
       n_clusters=4, n_init=10, n_jobs=-1, precompute_distances='deprecated',
       random_state=123, tol=0.0001, verbose=0)
2020-09-01 18:07:44,115:INFO:create_models() succesfully completed......................................
2020-09-01 18:11:37,785:INFO:Initializing assign_model()
2020-09-01 18:11:37,787:INFO:assign_model(model=KMeans(algorithm='auto', copy_x=True, init='k-means++', max_iter=300,
       n_clusters=4, n_init=10, n_jobs=-1, precompute_distances='deprecated',
       random_state=123, tol=0.0001, verbose=0), transformation=False, verbose=True)
2020-09-01 18:11:37,788:INFO:Checking exceptions
2020-09-01 18:11:37,788:INFO:Preloading libraries
2020-09-01 18:11:37,788:INFO:Copying data
2020-09-01 18:11:37,791:INFO:Preparing display monitor
2020-09-01 18:11:37,896:INFO:Determining Trained Model
2020-09-01 18:11:37,897:INFO:Trained Model : K-Means Clustering
2020-09-01 18:11:37,903:INFO:(7665, 12)
2020-09-01 18:11:37,903:INFO:assign_model() succesfully completed......................................
2020-09-01 18:11:54,490:INFO:Initializing assign_model()
2020-09-01 18:11:54,491:INFO:assign_model(model=KMeans(algorithm='auto', copy_x=True, init='k-means++', max_iter=300,
       n_clusters=4, n_init=10, n_jobs=-1, precompute_distances='deprecated',
       random_state=123, tol=0.0001, verbose=0), transformation=False, verbose=True)
2020-09-01 18:11:54,492:INFO:Checking exceptions
2020-09-01 18:11:54,492:INFO:Preloading libraries
2020-09-01 18:11:54,492:INFO:Copying data
2020-09-01 18:11:54,496:INFO:Preparing display monitor
2020-09-01 18:11:54,624:INFO:Determining Trained Model
2020-09-01 18:11:54,629:INFO:Trained Model : K-Means Clustering
2020-09-01 18:11:54,634:INFO:(7665, 12)
2020-09-01 18:11:54,634:INFO:assign_model() succesfully completed......................................
2020-09-01 18:15:21,304:INFO:PyCaret Classification Module
2020-09-01 18:15:21,304:INFO:version 2.0
2020-09-01 18:15:21,304:INFO:Initializing setup()
2020-09-01 18:15:21,304:INFO:USI: 2fe3
2020-09-01 18:15:21,305:INFO:setup(data=(7665, 11), target=Segmentation, train_size=0.7, sampling=True, sample_estimator=None, categorical_features=None, categorical_imputation=constant, ordinal_features=None,
                    high_cardinality_features=None, high_cardinality_method=frequency, numeric_features=None, numeric_imputation=mean, date_features=None, ignore_features=None, normalize=False,
                    normalize_method=zscore, transformation=False, transformation_method=yeo-johnson, handle_unknown_categorical=True, unknown_categorical_method=least_frequent, pca=False, pca_method=linear,
                    pca_components=None, ignore_low_variance=False, combine_rare_levels=False, rare_level_threshold=0.1, bin_numeric_features=None, remove_outliers=False, outliers_threshold=0.05,
                    remove_multicollinearity=False, multicollinearity_threshold=0.9, remove_perfect_collinearity=False, create_clusters=False, cluster_iter=20,
                    polynomial_features=False, polynomial_degree=2, trigonometry_features=False, polynomial_threshold=0.1, group_features=None,
                    group_names=None, feature_selection=False, feature_selection_threshold=0.8, feature_interaction=False, feature_ratio=False, interaction_threshold=0.01,
                    fix_imbalance=False, fix_imbalance_method=None, data_split_shuffle=True, folds_shuffle=False, n_jobs=-1, html=True, session_id=123, log_experiment=False,
                    experiment_name=None, log_plots=False, log_profile=False, log_data=False, silent=False, verbose=True, profile=False)
2020-09-01 18:15:21,305:INFO:Checking environment
2020-09-01 18:15:21,305:INFO:python_version: 3.7.7
2020-09-01 18:15:21,306:INFO:python_build: ('default', 'Mar 23 2020 22:36:06')
2020-09-01 18:15:21,306:INFO:machine: x86_64
2020-09-01 18:15:21,306:INFO:platform: Linux-5.4.0-45-generic-x86_64-with-debian-bullseye-sid
2020-09-01 18:15:21,307:INFO:Memory: svmem(total=3970531328, available=1614565376, percent=59.3, used=1880481792, free=303730688, active=2329001984, inactive=1007996928, buffers=123879424, cached=1662439424, shared=213491712, slab=216268800)
2020-09-01 18:15:21,309:INFO:Physical Core: 4
2020-09-01 18:15:21,309:INFO:Logical Core: 4
2020-09-01 18:15:21,309:INFO:Checking libraries
2020-09-01 18:15:21,309:INFO:pd==1.0.5
2020-09-01 18:15:21,310:INFO:numpy==1.19.1
2020-09-01 18:15:21,310:INFO:sklearn==0.23.2
2020-09-01 18:15:21,688:INFO:xgboost==1.2.0
2020-09-01 18:15:21,688:INFO:lightgbm==2.3.1
2020-09-01 18:15:22,644:INFO:catboost==0.24.1
2020-09-01 18:15:22,645:INFO:mlflow==1.10.0
2020-09-01 18:15:22,645:INFO:Checking Exceptions
2020-09-01 18:15:22,645:INFO:Preloading libraries
2020-09-01 18:15:22,645:INFO:Preparing display monitor
2020-09-01 18:15:22,696:INFO:Importing libraries
2020-09-01 18:15:26,651:INFO:Copying data for preprocessing
2020-09-01 18:15:26,655:INFO:Declaring global variables
2020-09-01 18:15:26,673:INFO:Declaring preprocessing parameters
2020-09-01 18:15:26,674:INFO:Importing preprocessing module
2020-09-01 18:15:26,674:INFO:Creating preprocessing pipeline
2020-09-01 18:15:28,563:INFO:Preprocessing pipeline created successfully
2020-09-01 18:15:28,565:INFO:Creating grid variables
2020-09-01 18:15:28,580:INFO:Creating global containers
2020-09-01 18:15:28,790:INFO:create_model_container 0
2020-09-01 18:15:28,790:INFO:master_model_container 0
2020-09-01 18:15:28,790:INFO:display_container 0
2020-09-01 18:15:28,811:INFO:Pipeline(memory=None,
         steps=[('dtypes',
                 DataTypes_Auto_infer(categorical_features=[],
                                      display_types=True, features_todrop=[],
                                      ml_usecase='classification',
                                      numerical_features=[],
                                      target='Segmentation',
                                      time_features=[])),
                ('imputer',
                 Simple_Imputer(categorical_strategy='not_available',
                                numeric_strategy='mean',
                                target_variable=None)),
                ('new_levels1',
                 New_Catagoric...
                ('group', Empty()), ('nonliner', Empty()), ('scaling', Empty()),
                ('P_transform', Empty()), ('pt_target', Empty()),
                ('binn', Empty()), ('rem_outliers', Empty()),
                ('cluster_all', Empty()),
                ('dummy', Dummify(target='Segmentation')),
                ('fix_perfect', Empty()), ('clean_names', Clean_Colum_Names()),
                ('feature_select', Empty()), ('fix_multi', Empty()),
                ('dfs', Empty()), ('pca', Empty())],
         verbose=False)
2020-09-01 18:15:28,811:INFO:setup() succesfully completed......................................
2020-09-01 18:15:42,852:INFO:Initializing compare_models()
2020-09-01 18:15:42,852:INFO:compare_models(blacklist=None, whitelist=None, fold=10, round=4, sort=Accuracy, n_select=1, turbo=True, verbose=True)
2020-09-01 18:15:42,852:INFO:Checking exceptions
2020-09-01 18:15:42,856:INFO:Preloading libraries
2020-09-01 18:15:42,857:INFO:Preparing display monitor
2020-09-01 18:15:42,938:INFO:Copying training dataset
2020-09-01 18:15:42,942:INFO:Importing libraries
2020-09-01 18:15:43,211:INFO:Importing untrained models
2020-09-01 18:15:43,230:INFO:Import successful
2020-09-01 18:15:43,261:INFO:Defining folds
2020-09-01 18:15:43,262:INFO:Declaring metric variables
2020-09-01 18:15:43,263:INFO:Initializing Logistic Regression
2020-09-01 18:15:43,289:INFO:Initializing Fold 1
2020-09-01 18:15:43,320:INFO:Fitting Model
2020-09-01 18:15:43,700:INFO:Evaluating Metrics
2020-09-01 18:15:43,807:INFO:Compiling Metrics
2020-09-01 18:15:43,860:INFO:Initializing Fold 2
2020-09-01 18:15:43,898:INFO:Fitting Model
2020-09-01 18:15:44,343:INFO:Evaluating Metrics
2020-09-01 18:15:44,461:INFO:Compiling Metrics
2020-09-01 18:15:44,492:INFO:Initializing Fold 3
2020-09-01 18:15:44,559:INFO:Fitting Model
2020-09-01 18:15:44,899:INFO:Evaluating Metrics
2020-09-01 18:15:44,973:INFO:Compiling Metrics
2020-09-01 18:15:45,004:INFO:Initializing Fold 4
2020-09-01 18:15:45,130:INFO:Fitting Model
2020-09-01 18:15:45,486:INFO:Evaluating Metrics
2020-09-01 18:15:45,563:INFO:Compiling Metrics
2020-09-01 18:15:45,594:INFO:Initializing Fold 5
2020-09-01 18:15:45,682:INFO:Fitting Model
2020-09-01 18:15:46,000:INFO:Evaluating Metrics
2020-09-01 18:15:46,073:INFO:Compiling Metrics
2020-09-01 18:15:46,102:INFO:Initializing Fold 6
2020-09-01 18:15:46,170:INFO:Fitting Model
2020-09-01 18:15:46,551:INFO:Evaluating Metrics
2020-09-01 18:15:46,754:INFO:Compiling Metrics
2020-09-01 18:15:46,848:INFO:Initializing Fold 7
2020-09-01 18:15:46,906:INFO:Fitting Model
2020-09-01 18:15:47,270:INFO:Evaluating Metrics
2020-09-01 18:15:47,341:INFO:Compiling Metrics
2020-09-01 18:15:47,376:INFO:Initializing Fold 8
2020-09-01 18:15:47,426:INFO:Fitting Model
2020-09-01 18:15:47,779:INFO:Evaluating Metrics
2020-09-01 18:15:47,852:INFO:Compiling Metrics
2020-09-01 18:15:47,887:INFO:Initializing Fold 9
2020-09-01 18:15:47,927:INFO:Fitting Model
2020-09-01 18:15:48,225:INFO:Evaluating Metrics
2020-09-01 18:15:48,299:INFO:Compiling Metrics
2020-09-01 18:15:48,334:INFO:Initializing Fold 10
2020-09-01 18:15:48,374:INFO:Fitting Model
2020-09-01 18:15:48,754:INFO:Evaluating Metrics
2020-09-01 18:15:48,829:INFO:Compiling Metrics
2020-09-01 18:15:48,857:INFO:Calculating mean and std
2020-09-01 18:15:48,859:INFO:Creating metrics dataframe
2020-09-01 18:15:48,931:INFO:Initializing K Neighbors Classifier
2020-09-01 18:15:48,958:INFO:Initializing Fold 1
2020-09-01 18:15:48,992:INFO:Fitting Model
2020-09-01 18:15:49,209:INFO:Evaluating Metrics
2020-09-01 18:15:50,239:INFO:Compiling Metrics
2020-09-01 18:15:50,267:INFO:Initializing Fold 2
2020-09-01 18:15:50,297:INFO:Fitting Model
2020-09-01 18:15:50,517:INFO:Evaluating Metrics
2020-09-01 18:15:51,520:INFO:Compiling Metrics
2020-09-01 18:15:51,545:INFO:Initializing Fold 3
2020-09-01 18:15:51,572:INFO:Fitting Model
2020-09-01 18:15:51,775:INFO:Evaluating Metrics
2020-09-01 18:15:52,777:INFO:Compiling Metrics
2020-09-01 18:15:52,802:INFO:Initializing Fold 4
2020-09-01 18:15:52,829:INFO:Fitting Model
2020-09-01 18:15:53,032:INFO:Evaluating Metrics
2020-09-01 18:15:54,016:INFO:Compiling Metrics
2020-09-01 18:15:54,046:INFO:Initializing Fold 5
2020-09-01 18:15:54,081:INFO:Fitting Model
2020-09-01 18:15:54,323:INFO:Evaluating Metrics
2020-09-01 18:15:55,300:INFO:Compiling Metrics
2020-09-01 18:15:55,332:INFO:Initializing Fold 6
2020-09-01 18:15:55,366:INFO:Fitting Model
2020-09-01 18:15:55,611:INFO:Evaluating Metrics
2020-09-01 18:15:56,589:INFO:Compiling Metrics
2020-09-01 18:15:56,616:INFO:Initializing Fold 7
2020-09-01 18:15:56,645:INFO:Fitting Model
2020-09-01 18:15:56,846:INFO:Evaluating Metrics
2020-09-01 18:15:57,822:INFO:Compiling Metrics
2020-09-01 18:15:57,849:INFO:Initializing Fold 8
2020-09-01 18:15:57,878:INFO:Fitting Model
2020-09-01 18:15:58,073:INFO:Evaluating Metrics
2020-09-01 18:15:59,052:INFO:Compiling Metrics
2020-09-01 18:15:59,079:INFO:Initializing Fold 9
2020-09-01 18:15:59,113:INFO:Fitting Model
2020-09-01 18:15:59,306:INFO:Evaluating Metrics
2020-09-01 18:16:00,286:INFO:Compiling Metrics
2020-09-01 18:16:00,315:INFO:Initializing Fold 10
2020-09-01 18:16:00,340:INFO:Fitting Model
2020-09-01 18:16:00,525:INFO:Evaluating Metrics
2020-09-01 18:16:01,525:INFO:Compiling Metrics
2020-09-01 18:16:01,549:INFO:Calculating mean and std
2020-09-01 18:16:01,550:INFO:Creating metrics dataframe
2020-09-01 18:16:01,606:INFO:Initializing Naive Bayes
2020-09-01 18:16:01,632:INFO:Initializing Fold 1
2020-09-01 18:16:01,667:INFO:Fitting Model
2020-09-01 18:16:01,782:INFO:Evaluating Metrics
2020-09-01 18:16:01,860:INFO:Compiling Metrics
2020-09-01 18:16:01,887:INFO:Initializing Fold 2
2020-09-01 18:16:01,917:INFO:Fitting Model
2020-09-01 18:16:02,003:INFO:Evaluating Metrics
2020-09-01 18:16:02,082:INFO:Compiling Metrics
2020-09-01 18:16:02,108:INFO:Initializing Fold 3
2020-09-01 18:16:02,137:INFO:Fitting Model
2020-09-01 18:16:02,225:INFO:Evaluating Metrics
2020-09-01 18:16:02,302:INFO:Compiling Metrics
2020-09-01 18:16:02,327:INFO:Initializing Fold 4
2020-09-01 18:16:02,355:INFO:Fitting Model
2020-09-01 18:16:02,451:INFO:Evaluating Metrics
2020-09-01 18:16:02,528:INFO:Compiling Metrics
2020-09-01 18:16:02,557:INFO:Initializing Fold 5
2020-09-01 18:16:02,587:INFO:Fitting Model
2020-09-01 18:16:02,683:INFO:Evaluating Metrics
2020-09-01 18:16:02,762:INFO:Compiling Metrics
2020-09-01 18:16:02,788:INFO:Initializing Fold 6
2020-09-01 18:16:02,814:INFO:Fitting Model
2020-09-01 18:16:02,901:INFO:Evaluating Metrics
2020-09-01 18:16:02,980:INFO:Compiling Metrics
2020-09-01 18:16:03,005:INFO:Initializing Fold 7
2020-09-01 18:16:03,029:INFO:Fitting Model
2020-09-01 18:16:03,129:INFO:Evaluating Metrics
2020-09-01 18:16:03,211:INFO:Compiling Metrics
2020-09-01 18:16:03,236:INFO:Initializing Fold 8
2020-09-01 18:16:03,262:INFO:Fitting Model
2020-09-01 18:16:03,352:INFO:Evaluating Metrics
2020-09-01 18:16:03,433:INFO:Compiling Metrics
2020-09-01 18:16:03,457:INFO:Initializing Fold 9
2020-09-01 18:16:03,485:INFO:Fitting Model
2020-09-01 18:16:03,588:INFO:Evaluating Metrics
2020-09-01 18:16:03,665:INFO:Compiling Metrics
2020-09-01 18:16:03,690:INFO:Initializing Fold 10
2020-09-01 18:16:03,716:INFO:Fitting Model
2020-09-01 18:16:03,807:INFO:Evaluating Metrics
2020-09-01 18:16:03,885:INFO:Compiling Metrics
2020-09-01 18:16:03,911:INFO:Calculating mean and std
2020-09-01 18:16:03,913:INFO:Creating metrics dataframe
2020-09-01 18:16:03,964:INFO:Initializing Decision Tree Classifier
2020-09-01 18:16:04,001:INFO:Initializing Fold 1
2020-09-01 18:16:04,036:INFO:Fitting Model
2020-09-01 18:16:04,298:INFO:Evaluating Metrics
2020-09-01 18:16:04,364:INFO:Compiling Metrics
2020-09-01 18:16:04,391:INFO:Initializing Fold 2
2020-09-01 18:16:04,421:INFO:Fitting Model
2020-09-01 18:16:04,680:INFO:Evaluating Metrics
2020-09-01 18:16:04,746:INFO:Compiling Metrics
2020-09-01 18:16:04,772:INFO:Initializing Fold 3
2020-09-01 18:16:04,804:INFO:Fitting Model
2020-09-01 18:16:05,052:INFO:Evaluating Metrics
2020-09-01 18:16:05,120:INFO:Compiling Metrics
2020-09-01 18:16:05,144:INFO:Initializing Fold 4
2020-09-01 18:16:05,169:INFO:Fitting Model
2020-09-01 18:16:05,404:INFO:Evaluating Metrics
2020-09-01 18:16:05,477:INFO:Compiling Metrics
2020-09-01 18:16:05,504:INFO:Initializing Fold 5
2020-09-01 18:16:05,533:INFO:Fitting Model
2020-09-01 18:16:05,789:INFO:Evaluating Metrics
2020-09-01 18:16:05,861:INFO:Compiling Metrics
2020-09-01 18:16:05,889:INFO:Initializing Fold 6
2020-09-01 18:16:05,915:INFO:Fitting Model
2020-09-01 18:16:06,225:INFO:Evaluating Metrics
2020-09-01 18:16:06,311:INFO:Compiling Metrics
2020-09-01 18:16:06,344:INFO:Initializing Fold 7
2020-09-01 18:16:06,375:INFO:Fitting Model
2020-09-01 18:16:06,668:INFO:Evaluating Metrics
2020-09-01 18:16:06,735:INFO:Compiling Metrics
2020-09-01 18:16:06,762:INFO:Initializing Fold 8
2020-09-01 18:16:06,791:INFO:Fitting Model
2020-09-01 18:16:07,053:INFO:Evaluating Metrics
2020-09-01 18:16:07,119:INFO:Compiling Metrics
2020-09-01 18:16:07,146:INFO:Initializing Fold 9
2020-09-01 18:16:07,173:INFO:Fitting Model
2020-09-01 18:16:07,438:INFO:Evaluating Metrics
2020-09-01 18:16:07,504:INFO:Compiling Metrics
2020-09-01 18:16:07,529:INFO:Initializing Fold 10
2020-09-01 18:16:07,558:INFO:Fitting Model
2020-09-01 18:16:07,812:INFO:Evaluating Metrics
2020-09-01 18:16:07,878:INFO:Compiling Metrics
2020-09-01 18:16:07,903:INFO:Calculating mean and std
2020-09-01 18:16:07,904:INFO:Creating metrics dataframe
2020-09-01 18:16:07,958:INFO:Initializing SVM - Linear Kernel
2020-09-01 18:16:07,998:INFO:Initializing Fold 1
2020-09-01 18:16:08,027:INFO:Fitting Model
2020-09-01 18:16:09,824:INFO:Evaluating Metrics
2020-09-01 18:16:09,824:WARNING:model has no predict_proba attribute. pred_prob set to 0.00
2020-09-01 18:16:09,866:INFO:Compiling Metrics
2020-09-01 18:16:09,894:INFO:Initializing Fold 2
2020-09-01 18:16:09,920:INFO:Fitting Model
2020-09-01 18:16:11,749:INFO:Evaluating Metrics
2020-09-01 18:16:11,749:WARNING:model has no predict_proba attribute. pred_prob set to 0.00
2020-09-01 18:16:11,793:INFO:Compiling Metrics
2020-09-01 18:16:11,822:INFO:Initializing Fold 3
2020-09-01 18:16:11,848:INFO:Fitting Model
2020-09-01 18:16:13,392:INFO:Evaluating Metrics
2020-09-01 18:16:13,393:WARNING:model has no predict_proba attribute. pred_prob set to 0.00
2020-09-01 18:16:13,436:INFO:Compiling Metrics
2020-09-01 18:16:13,465:INFO:Initializing Fold 4
2020-09-01 18:16:13,495:INFO:Fitting Model
2020-09-01 18:16:15,054:INFO:Evaluating Metrics
2020-09-01 18:16:15,054:WARNING:model has no predict_proba attribute. pred_prob set to 0.00
2020-09-01 18:16:15,099:INFO:Compiling Metrics
2020-09-01 18:16:15,128:INFO:Initializing Fold 5
2020-09-01 18:16:15,158:INFO:Fitting Model
2020-09-01 18:16:16,770:INFO:Evaluating Metrics
2020-09-01 18:16:16,770:WARNING:model has no predict_proba attribute. pred_prob set to 0.00
2020-09-01 18:16:16,813:INFO:Compiling Metrics
2020-09-01 18:16:16,841:INFO:Initializing Fold 6
2020-09-01 18:16:16,898:INFO:Fitting Model
2020-09-01 18:16:18,441:INFO:Evaluating Metrics
2020-09-01 18:16:18,442:WARNING:model has no predict_proba attribute. pred_prob set to 0.00
2020-09-01 18:16:18,484:INFO:Compiling Metrics
2020-09-01 18:16:18,513:INFO:Initializing Fold 7
2020-09-01 18:16:18,552:INFO:Fitting Model
2020-09-01 18:16:20,341:INFO:Evaluating Metrics
2020-09-01 18:16:20,342:WARNING:model has no predict_proba attribute. pred_prob set to 0.00
2020-09-01 18:16:20,394:INFO:Compiling Metrics
2020-09-01 18:16:20,425:INFO:Initializing Fold 8
2020-09-01 18:16:20,453:INFO:Fitting Model
2020-09-01 18:16:22,051:INFO:Evaluating Metrics
2020-09-01 18:16:22,051:WARNING:model has no predict_proba attribute. pred_prob set to 0.00
2020-09-01 18:16:22,093:INFO:Compiling Metrics
2020-09-01 18:16:22,123:INFO:Initializing Fold 9
2020-09-01 18:16:22,149:INFO:Fitting Model
2020-09-01 18:16:23,781:INFO:Evaluating Metrics
2020-09-01 18:16:23,781:WARNING:model has no predict_proba attribute. pred_prob set to 0.00
2020-09-01 18:16:23,823:INFO:Compiling Metrics
2020-09-01 18:16:23,858:INFO:Initializing Fold 10
2020-09-01 18:16:23,894:INFO:Fitting Model
2020-09-01 18:16:25,478:INFO:Evaluating Metrics
2020-09-01 18:16:25,478:WARNING:model has no predict_proba attribute. pred_prob set to 0.00
2020-09-01 18:16:25,520:INFO:Compiling Metrics
2020-09-01 18:16:25,549:INFO:Calculating mean and std
2020-09-01 18:16:25,550:INFO:Creating metrics dataframe
2020-09-01 18:16:25,605:INFO:Initializing Ridge Classifier
2020-09-01 18:16:25,632:INFO:Initializing Fold 1
2020-09-01 18:16:25,661:INFO:Fitting Model
2020-09-01 18:16:25,873:INFO:Evaluating Metrics
2020-09-01 18:16:25,874:WARNING:model has no predict_proba attribute. pred_prob set to 0.00
2020-09-01 18:16:25,936:INFO:Compiling Metrics
2020-09-01 18:16:25,965:INFO:Initializing Fold 2
2020-09-01 18:16:25,994:INFO:Fitting Model
2020-09-01 18:16:26,155:INFO:Evaluating Metrics
2020-09-01 18:16:26,155:WARNING:model has no predict_proba attribute. pred_prob set to 0.00
2020-09-01 18:16:26,199:INFO:Compiling Metrics
2020-09-01 18:16:26,228:INFO:Initializing Fold 3
2020-09-01 18:16:26,255:INFO:Fitting Model
2020-09-01 18:16:26,403:INFO:Evaluating Metrics
2020-09-01 18:16:26,403:WARNING:model has no predict_proba attribute. pred_prob set to 0.00
2020-09-01 18:16:26,449:INFO:Compiling Metrics
2020-09-01 18:16:26,478:INFO:Initializing Fold 4
2020-09-01 18:16:26,506:INFO:Fitting Model
2020-09-01 18:16:26,680:INFO:Evaluating Metrics
2020-09-01 18:16:26,681:WARNING:model has no predict_proba attribute. pred_prob set to 0.00
2020-09-01 18:16:26,726:INFO:Compiling Metrics
2020-09-01 18:16:26,755:INFO:Initializing Fold 5
2020-09-01 18:16:26,786:INFO:Fitting Model
2020-09-01 18:16:26,974:INFO:Evaluating Metrics
2020-09-01 18:16:26,974:WARNING:model has no predict_proba attribute. pred_prob set to 0.00
2020-09-01 18:16:27,019:INFO:Compiling Metrics
2020-09-01 18:16:27,048:INFO:Initializing Fold 6
2020-09-01 18:16:27,126:INFO:Fitting Model
2020-09-01 18:16:27,292:INFO:Evaluating Metrics
2020-09-01 18:16:27,293:WARNING:model has no predict_proba attribute. pred_prob set to 0.00
2020-09-01 18:16:27,342:INFO:Compiling Metrics
2020-09-01 18:16:27,371:INFO:Initializing Fold 7
2020-09-01 18:16:27,470:INFO:Fitting Model
2020-09-01 18:16:27,630:INFO:Evaluating Metrics
2020-09-01 18:16:27,630:WARNING:model has no predict_proba attribute. pred_prob set to 0.00
2020-09-01 18:16:27,675:INFO:Compiling Metrics
2020-09-01 18:16:27,704:INFO:Initializing Fold 8
2020-09-01 18:16:27,731:INFO:Fitting Model
2020-09-01 18:16:27,904:INFO:Evaluating Metrics
2020-09-01 18:16:27,904:WARNING:model has no predict_proba attribute. pred_prob set to 0.00
2020-09-01 18:16:27,948:INFO:Compiling Metrics
2020-09-01 18:16:27,977:INFO:Initializing Fold 9
2020-09-01 18:16:28,005:INFO:Fitting Model
2020-09-01 18:16:28,159:INFO:Evaluating Metrics
2020-09-01 18:16:28,160:WARNING:model has no predict_proba attribute. pred_prob set to 0.00
2020-09-01 18:16:28,203:INFO:Compiling Metrics
2020-09-01 18:16:28,232:INFO:Initializing Fold 10
2020-09-01 18:16:28,260:INFO:Fitting Model
2020-09-01 18:16:28,442:INFO:Evaluating Metrics
2020-09-01 18:16:28,442:WARNING:model has no predict_proba attribute. pred_prob set to 0.00
2020-09-01 18:16:28,486:INFO:Compiling Metrics
2020-09-01 18:16:28,515:INFO:Calculating mean and std
2020-09-01 18:16:28,516:INFO:Creating metrics dataframe
2020-09-01 18:16:28,572:INFO:Initializing Random Forest Classifier
2020-09-01 18:16:28,600:INFO:Initializing Fold 1
2020-09-01 18:16:28,630:INFO:Fitting Model
2020-09-01 18:16:39,168:INFO:Evaluating Metrics
2020-09-01 18:16:40,162:INFO:Compiling Metrics
2020-09-01 18:16:40,193:INFO:Initializing Fold 2
2020-09-01 18:16:40,225:INFO:Fitting Model
2020-09-01 18:16:40,950:INFO:Evaluating Metrics
2020-09-01 18:16:41,925:INFO:Compiling Metrics
2020-09-01 18:16:41,950:INFO:Initializing Fold 3
2020-09-01 18:16:41,980:INFO:Fitting Model
2020-09-01 18:16:42,684:INFO:Evaluating Metrics
2020-09-01 18:16:43,679:INFO:Compiling Metrics
2020-09-01 18:16:43,707:INFO:Initializing Fold 4
2020-09-01 18:16:43,736:INFO:Fitting Model
2020-09-01 18:16:44,468:INFO:Evaluating Metrics
2020-09-01 18:16:45,451:INFO:Compiling Metrics
2020-09-01 18:16:45,479:INFO:Initializing Fold 5
2020-09-01 18:16:45,512:INFO:Fitting Model
2020-09-01 18:16:46,234:INFO:Evaluating Metrics
2020-09-01 18:16:47,212:INFO:Compiling Metrics
2020-09-01 18:16:47,240:INFO:Initializing Fold 6
2020-09-01 18:16:47,277:INFO:Fitting Model
2020-09-01 18:16:48,149:INFO:Evaluating Metrics
2020-09-01 18:16:49,124:INFO:Compiling Metrics
2020-09-01 18:16:49,157:INFO:Initializing Fold 7
2020-09-01 18:16:49,192:INFO:Fitting Model
2020-09-01 18:16:49,985:INFO:Evaluating Metrics
2020-09-01 18:16:50,961:INFO:Compiling Metrics
2020-09-01 18:16:50,993:INFO:Initializing Fold 8
2020-09-01 18:16:51,029:INFO:Fitting Model
2020-09-01 18:16:51,898:INFO:Evaluating Metrics
2020-09-01 18:16:52,877:INFO:Compiling Metrics
2020-09-01 18:16:52,902:INFO:Initializing Fold 9
2020-09-01 18:16:52,937:INFO:Fitting Model
2020-09-01 18:16:53,614:INFO:Evaluating Metrics
2020-09-01 18:16:54,597:INFO:Compiling Metrics
2020-09-01 18:16:54,624:INFO:Initializing Fold 10
2020-09-01 18:16:54,657:INFO:Fitting Model
2020-09-01 18:16:55,370:INFO:Evaluating Metrics
2020-09-01 18:16:56,354:INFO:Compiling Metrics
2020-09-01 18:16:56,381:INFO:Calculating mean and std
2020-09-01 18:16:56,382:INFO:Creating metrics dataframe
2020-09-01 18:16:56,445:INFO:Initializing Quadratic Discriminant Analysis
2020-09-01 18:16:56,475:INFO:Initializing Fold 1
2020-09-01 18:16:56,504:INFO:Fitting Model
2020-09-01 18:16:56,744:INFO:Evaluating Metrics
2020-09-01 18:16:56,837:INFO:Compiling Metrics
2020-09-01 18:16:56,866:INFO:Initializing Fold 2
2020-09-01 18:16:56,895:INFO:Fitting Model
2020-09-01 18:16:57,140:INFO:Evaluating Metrics
2020-09-01 18:16:57,233:INFO:Compiling Metrics
2020-09-01 18:16:57,263:INFO:Initializing Fold 3
2020-09-01 18:16:57,299:INFO:Fitting Model
2020-09-01 18:16:57,536:INFO:Evaluating Metrics
2020-09-01 18:16:57,636:INFO:Compiling Metrics
2020-09-01 18:16:57,666:INFO:Initializing Fold 4
2020-09-01 18:16:57,758:INFO:Fitting Model
2020-09-01 18:16:57,964:INFO:Evaluating Metrics
2020-09-01 18:16:58,057:INFO:Compiling Metrics
2020-09-01 18:16:58,086:INFO:Initializing Fold 5
2020-09-01 18:16:58,121:INFO:Fitting Model
2020-09-01 18:16:58,347:INFO:Evaluating Metrics
2020-09-01 18:16:58,450:INFO:Compiling Metrics
2020-09-01 18:16:58,478:INFO:Initializing Fold 6
2020-09-01 18:16:58,547:INFO:Fitting Model
2020-09-01 18:16:58,768:INFO:Evaluating Metrics
2020-09-01 18:16:58,860:INFO:Compiling Metrics
2020-09-01 18:16:58,888:INFO:Initializing Fold 7
2020-09-01 18:16:58,917:INFO:Fitting Model
2020-09-01 18:16:59,124:INFO:Evaluating Metrics
2020-09-01 18:16:59,221:INFO:Compiling Metrics
2020-09-01 18:16:59,250:INFO:Initializing Fold 8
2020-09-01 18:16:59,317:INFO:Fitting Model
2020-09-01 18:16:59,538:INFO:Evaluating Metrics
2020-09-01 18:16:59,632:INFO:Compiling Metrics
2020-09-01 18:16:59,664:INFO:Initializing Fold 9
2020-09-01 18:16:59,706:INFO:Fitting Model
2020-09-01 18:16:59,895:INFO:Evaluating Metrics
2020-09-01 18:16:59,987:INFO:Compiling Metrics
2020-09-01 18:17:00,036:INFO:Initializing Fold 10
2020-09-01 18:17:00,075:INFO:Fitting Model
2020-09-01 18:17:00,411:INFO:Evaluating Metrics
2020-09-01 18:17:00,507:INFO:Compiling Metrics
2020-09-01 18:17:00,543:INFO:Calculating mean and std
2020-09-01 18:17:00,544:INFO:Creating metrics dataframe
2020-09-01 18:17:01,099:INFO:Initializing Ada Boost Classifier
2020-09-01 18:17:01,127:INFO:Initializing Fold 1
2020-09-01 18:17:01,154:INFO:Fitting Model
2020-09-01 18:17:04,000:INFO:Evaluating Metrics
2020-09-01 18:17:04,423:INFO:Compiling Metrics
2020-09-01 18:17:04,451:INFO:Initializing Fold 2
2020-09-01 18:17:04,489:INFO:Fitting Model
2020-09-01 18:17:07,307:INFO:Evaluating Metrics
2020-09-01 18:17:07,725:INFO:Compiling Metrics
2020-09-01 18:17:07,750:INFO:Initializing Fold 3
2020-09-01 18:17:07,777:INFO:Fitting Model
2020-09-01 18:17:10,607:INFO:Evaluating Metrics
2020-09-01 18:17:11,018:INFO:Compiling Metrics
2020-09-01 18:17:11,043:INFO:Initializing Fold 4
2020-09-01 18:17:11,068:INFO:Fitting Model
2020-09-01 18:17:13,903:INFO:Evaluating Metrics
2020-09-01 18:17:14,319:INFO:Compiling Metrics
2020-09-01 18:17:14,345:INFO:Initializing Fold 5
2020-09-01 18:17:14,371:INFO:Fitting Model
2020-09-01 18:17:17,200:INFO:Evaluating Metrics
2020-09-01 18:17:17,613:INFO:Compiling Metrics
2020-09-01 18:17:17,641:INFO:Initializing Fold 6
2020-09-01 18:17:17,667:INFO:Fitting Model
2020-09-01 18:17:20,480:INFO:Evaluating Metrics
2020-09-01 18:17:20,893:INFO:Compiling Metrics
2020-09-01 18:17:20,918:INFO:Initializing Fold 7
2020-09-01 18:17:20,941:INFO:Fitting Model
2020-09-01 18:17:23,758:INFO:Evaluating Metrics
2020-09-01 18:17:24,165:INFO:Compiling Metrics
2020-09-01 18:17:24,190:INFO:Initializing Fold 8
2020-09-01 18:17:24,216:INFO:Fitting Model
2020-09-01 18:17:27,046:INFO:Evaluating Metrics
2020-09-01 18:17:27,455:INFO:Compiling Metrics
2020-09-01 18:17:27,480:INFO:Initializing Fold 9
2020-09-01 18:17:27,505:INFO:Fitting Model
2020-09-01 18:17:30,323:INFO:Evaluating Metrics
2020-09-01 18:17:30,733:INFO:Compiling Metrics
2020-09-01 18:17:30,758:INFO:Initializing Fold 10
2020-09-01 18:17:30,784:INFO:Fitting Model
2020-09-01 18:17:33,602:INFO:Evaluating Metrics
2020-09-01 18:17:34,009:INFO:Compiling Metrics
2020-09-01 18:17:34,035:INFO:Calculating mean and std
2020-09-01 18:17:34,036:INFO:Creating metrics dataframe
2020-09-01 18:17:34,095:INFO:Initializing Gradient Boosting Classifier
2020-09-01 18:17:34,120:INFO:Initializing Fold 1
2020-09-01 18:17:34,152:INFO:Fitting Model
2020-09-01 18:17:40,359:INFO:Evaluating Metrics
2020-09-01 18:17:40,455:INFO:Compiling Metrics
2020-09-01 18:17:40,483:INFO:Initializing Fold 2
2020-09-01 18:17:40,511:INFO:Fitting Model
2020-09-01 18:17:46,817:INFO:Evaluating Metrics
2020-09-01 18:17:46,923:INFO:Compiling Metrics
2020-09-01 18:17:46,953:INFO:Initializing Fold 3
2020-09-01 18:17:46,986:INFO:Fitting Model
2020-09-01 18:17:53,040:INFO:Evaluating Metrics
2020-09-01 18:17:53,124:INFO:Compiling Metrics
2020-09-01 18:17:53,149:INFO:Initializing Fold 4
2020-09-01 18:17:53,176:INFO:Fitting Model
2020-09-01 18:17:59,274:INFO:Evaluating Metrics
2020-09-01 18:17:59,357:INFO:Compiling Metrics
2020-09-01 18:17:59,383:INFO:Initializing Fold 5
2020-09-01 18:17:59,411:INFO:Fitting Model
2020-09-01 18:18:05,779:INFO:Evaluating Metrics
2020-09-01 18:18:05,889:INFO:Compiling Metrics
2020-09-01 18:18:05,917:INFO:Initializing Fold 6
2020-09-01 18:18:05,942:INFO:Fitting Model
2020-09-01 18:18:12,484:INFO:Evaluating Metrics
2020-09-01 18:18:12,567:INFO:Compiling Metrics
2020-09-01 18:18:12,592:INFO:Initializing Fold 7
2020-09-01 18:18:12,619:INFO:Fitting Model
2020-09-01 18:18:18,889:INFO:Evaluating Metrics
2020-09-01 18:18:18,973:INFO:Compiling Metrics
2020-09-01 18:18:19,001:INFO:Initializing Fold 8
2020-09-01 18:18:19,029:INFO:Fitting Model
2020-09-01 18:18:25,154:INFO:Evaluating Metrics
2020-09-01 18:18:25,239:INFO:Compiling Metrics
2020-09-01 18:18:25,263:INFO:Initializing Fold 9
2020-09-01 18:18:25,289:INFO:Fitting Model
2020-09-01 18:18:31,340:INFO:Evaluating Metrics
2020-09-01 18:18:31,426:INFO:Compiling Metrics
2020-09-01 18:18:31,452:INFO:Initializing Fold 10
2020-09-01 18:18:31,476:INFO:Fitting Model
2020-09-01 18:18:37,587:INFO:Evaluating Metrics
2020-09-01 18:18:37,671:INFO:Compiling Metrics
2020-09-01 18:18:37,695:INFO:Calculating mean and std
2020-09-01 18:18:37,696:INFO:Creating metrics dataframe
2020-09-01 18:18:37,754:INFO:Initializing Linear Discriminant Analysis
2020-09-01 18:18:37,778:INFO:Initializing Fold 1
2020-09-01 18:18:37,804:INFO:Fitting Model
2020-09-01 18:18:38,144:INFO:Evaluating Metrics
2020-09-01 18:18:38,219:INFO:Compiling Metrics
2020-09-01 18:18:38,248:INFO:Initializing Fold 2
2020-09-01 18:18:38,274:INFO:Fitting Model
2020-09-01 18:18:38,600:INFO:Evaluating Metrics
2020-09-01 18:18:38,676:INFO:Compiling Metrics
2020-09-01 18:18:38,705:INFO:Initializing Fold 3
2020-09-01 18:18:38,731:INFO:Fitting Model
2020-09-01 18:18:39,052:INFO:Evaluating Metrics
2020-09-01 18:18:39,126:INFO:Compiling Metrics
2020-09-01 18:18:39,156:INFO:Initializing Fold 4
2020-09-01 18:18:39,182:INFO:Fitting Model
2020-09-01 18:18:39,500:INFO:Evaluating Metrics
2020-09-01 18:18:39,574:INFO:Compiling Metrics
2020-09-01 18:18:39,602:INFO:Initializing Fold 5
2020-09-01 18:18:39,628:INFO:Fitting Model
2020-09-01 18:18:39,974:INFO:Evaluating Metrics
2020-09-01 18:18:40,049:INFO:Compiling Metrics
2020-09-01 18:18:40,078:INFO:Initializing Fold 6
2020-09-01 18:18:40,104:INFO:Fitting Model
2020-09-01 18:18:40,570:INFO:Evaluating Metrics
2020-09-01 18:18:40,662:INFO:Compiling Metrics
2020-09-01 18:18:40,693:INFO:Initializing Fold 7
2020-09-01 18:18:40,719:INFO:Fitting Model
2020-09-01 18:18:41,148:INFO:Evaluating Metrics
2020-09-01 18:18:41,222:INFO:Compiling Metrics
2020-09-01 18:18:41,251:INFO:Initializing Fold 8
2020-09-01 18:18:41,279:INFO:Fitting Model
2020-09-01 18:18:41,659:INFO:Evaluating Metrics
2020-09-01 18:18:41,773:INFO:Compiling Metrics
2020-09-01 18:18:41,810:INFO:Initializing Fold 9
2020-09-01 18:18:41,851:INFO:Fitting Model
2020-09-01 18:18:42,170:INFO:Evaluating Metrics
2020-09-01 18:18:42,246:INFO:Compiling Metrics
2020-09-01 18:18:42,289:INFO:Initializing Fold 10
2020-09-01 18:18:42,336:INFO:Fitting Model
2020-09-01 18:18:42,729:INFO:Evaluating Metrics
2020-09-01 18:18:42,811:INFO:Compiling Metrics
2020-09-01 18:18:42,841:INFO:Calculating mean and std
2020-09-01 18:18:42,843:INFO:Creating metrics dataframe
2020-09-01 18:18:42,918:INFO:Initializing Extra Trees Classifier
2020-09-01 18:18:42,963:INFO:Initializing Fold 1
2020-09-01 18:18:42,991:INFO:Fitting Model
2020-09-01 18:18:47,561:INFO:Evaluating Metrics
2020-09-01 18:18:49,468:INFO:Compiling Metrics
2020-09-01 18:18:49,493:INFO:Initializing Fold 2
2020-09-01 18:18:49,528:INFO:Fitting Model
2020-09-01 18:18:54,275:INFO:Evaluating Metrics
2020-09-01 18:18:56,064:INFO:Compiling Metrics
2020-09-01 18:18:56,099:INFO:Initializing Fold 3
2020-09-01 18:18:56,135:INFO:Fitting Model
2020-09-01 18:19:00,934:INFO:Evaluating Metrics
2020-09-01 18:19:02,732:INFO:Compiling Metrics
2020-09-01 18:19:02,759:INFO:Initializing Fold 4
2020-09-01 18:19:02,787:INFO:Fitting Model
2020-09-01 18:19:07,068:INFO:Evaluating Metrics
2020-09-01 18:19:08,869:INFO:Compiling Metrics
2020-09-01 18:19:08,896:INFO:Initializing Fold 5
2020-09-01 18:19:08,923:INFO:Fitting Model
2020-09-01 18:19:13,282:INFO:Evaluating Metrics
2020-09-01 18:19:15,069:INFO:Compiling Metrics
2020-09-01 18:19:15,099:INFO:Initializing Fold 6
2020-09-01 18:19:15,135:INFO:Fitting Model
2020-09-01 18:19:20,045:INFO:Evaluating Metrics
2020-09-01 18:19:21,848:INFO:Compiling Metrics
2020-09-01 18:19:21,878:INFO:Initializing Fold 7
2020-09-01 18:19:21,910:INFO:Fitting Model
2020-09-01 18:19:26,528:INFO:Evaluating Metrics
2020-09-01 18:19:28,316:INFO:Compiling Metrics
2020-09-01 18:19:28,343:INFO:Initializing Fold 8
2020-09-01 18:19:28,373:INFO:Fitting Model
2020-09-01 18:19:32,903:INFO:Evaluating Metrics
2020-09-01 18:19:34,693:INFO:Compiling Metrics
2020-09-01 18:19:34,719:INFO:Initializing Fold 9
2020-09-01 18:19:34,752:INFO:Fitting Model
2020-09-01 18:19:39,371:INFO:Evaluating Metrics
2020-09-01 18:19:41,174:INFO:Compiling Metrics
2020-09-01 18:19:41,203:INFO:Initializing Fold 10
2020-09-01 18:19:41,235:INFO:Fitting Model
2020-09-01 18:19:45,677:INFO:Evaluating Metrics
2020-09-01 18:19:47,472:INFO:Compiling Metrics
2020-09-01 18:19:47,497:INFO:Calculating mean and std
2020-09-01 18:19:47,498:INFO:Creating metrics dataframe
2020-09-01 18:19:47,559:INFO:Initializing Extreme Gradient Boosting
2020-09-01 18:19:47,585:INFO:Initializing Fold 1
2020-09-01 18:19:47,617:INFO:Fitting Model
2020-09-01 18:19:55,344:INFO:Evaluating Metrics
2020-09-01 18:19:55,446:INFO:Compiling Metrics
2020-09-01 18:19:55,471:INFO:Initializing Fold 2
2020-09-01 18:19:55,503:INFO:Fitting Model
2020-09-01 18:20:03,104:INFO:Evaluating Metrics
2020-09-01 18:20:03,203:INFO:Compiling Metrics
2020-09-01 18:20:03,229:INFO:Initializing Fold 3
2020-09-01 18:20:03,257:INFO:Fitting Model
2020-09-01 18:20:10,797:INFO:Evaluating Metrics
2020-09-01 18:20:10,897:INFO:Compiling Metrics
2020-09-01 18:20:10,924:INFO:Initializing Fold 4
2020-09-01 18:20:10,949:INFO:Fitting Model
2020-09-01 18:20:18,479:INFO:Evaluating Metrics
2020-09-01 18:20:18,579:INFO:Compiling Metrics
2020-09-01 18:20:18,606:INFO:Initializing Fold 5
2020-09-01 18:20:18,631:INFO:Fitting Model
2020-09-01 18:20:26,150:INFO:Evaluating Metrics
2020-09-01 18:20:26,251:INFO:Compiling Metrics
2020-09-01 18:20:26,276:INFO:Initializing Fold 6
2020-09-01 18:20:26,301:INFO:Fitting Model
2020-09-01 18:20:33,793:INFO:Evaluating Metrics
2020-09-01 18:20:33,894:INFO:Compiling Metrics
2020-09-01 18:20:33,919:INFO:Initializing Fold 7
2020-09-01 18:20:33,943:INFO:Fitting Model
2020-09-01 18:20:41,472:INFO:Evaluating Metrics
2020-09-01 18:20:41,587:INFO:Compiling Metrics
2020-09-01 18:20:41,621:INFO:Initializing Fold 8
2020-09-01 18:20:41,658:INFO:Fitting Model
2020-09-01 18:20:49,186:INFO:Evaluating Metrics
2020-09-01 18:20:49,339:INFO:Compiling Metrics
2020-09-01 18:20:49,365:INFO:Initializing Fold 9
2020-09-01 18:20:49,396:INFO:Fitting Model
2020-09-01 18:20:56,987:INFO:Evaluating Metrics
2020-09-01 18:20:57,094:INFO:Compiling Metrics
2020-09-01 18:20:57,120:INFO:Initializing Fold 10
2020-09-01 18:20:57,147:INFO:Fitting Model
2020-09-01 18:21:04,683:INFO:Evaluating Metrics
2020-09-01 18:21:04,783:INFO:Compiling Metrics
2020-09-01 18:21:04,810:INFO:Calculating mean and std
2020-09-01 18:21:04,812:INFO:Creating metrics dataframe
2020-09-01 18:21:04,875:INFO:Initializing Light Gradient Boosting Machine
2020-09-01 18:21:04,906:INFO:Initializing Fold 1
2020-09-01 18:21:04,940:INFO:Fitting Model
2020-09-01 18:21:06,485:INFO:Evaluating Metrics
2020-09-01 18:21:06,613:INFO:Compiling Metrics
2020-09-01 18:21:06,638:INFO:Initializing Fold 2
2020-09-01 18:21:06,666:INFO:Fitting Model
2020-09-01 18:21:08,110:INFO:Evaluating Metrics
2020-09-01 18:21:08,233:INFO:Compiling Metrics
2020-09-01 18:21:08,262:INFO:Initializing Fold 3
2020-09-01 18:21:08,292:INFO:Fitting Model
2020-09-01 18:21:09,771:INFO:Evaluating Metrics
2020-09-01 18:21:09,901:INFO:Compiling Metrics
2020-09-01 18:21:09,927:INFO:Initializing Fold 4
2020-09-01 18:21:09,954:INFO:Fitting Model
2020-09-01 18:21:11,414:INFO:Evaluating Metrics
2020-09-01 18:21:11,540:INFO:Compiling Metrics
2020-09-01 18:21:11,567:INFO:Initializing Fold 5
2020-09-01 18:21:11,595:INFO:Fitting Model
2020-09-01 18:21:13,048:INFO:Evaluating Metrics
2020-09-01 18:21:13,193:INFO:Compiling Metrics
2020-09-01 18:21:13,224:INFO:Initializing Fold 6
2020-09-01 18:21:13,258:INFO:Fitting Model
2020-09-01 18:21:14,824:INFO:Evaluating Metrics
2020-09-01 18:21:14,949:INFO:Compiling Metrics
2020-09-01 18:21:14,977:INFO:Initializing Fold 7
2020-09-01 18:21:15,005:INFO:Fitting Model
2020-09-01 18:21:16,464:INFO:Evaluating Metrics
2020-09-01 18:21:16,602:INFO:Compiling Metrics
2020-09-01 18:21:16,629:INFO:Initializing Fold 8
2020-09-01 18:21:16,657:INFO:Fitting Model
2020-09-01 18:21:18,167:INFO:Evaluating Metrics
2020-09-01 18:21:18,305:INFO:Compiling Metrics
2020-09-01 18:21:18,332:INFO:Initializing Fold 9
2020-09-01 18:21:18,360:INFO:Fitting Model
2020-09-01 18:21:19,921:INFO:Evaluating Metrics
2020-09-01 18:21:20,054:INFO:Compiling Metrics
2020-09-01 18:21:20,083:INFO:Initializing Fold 10
2020-09-01 18:21:20,112:INFO:Fitting Model
2020-09-01 18:21:21,669:INFO:Evaluating Metrics
2020-09-01 18:21:21,817:INFO:Compiling Metrics
2020-09-01 18:21:21,854:INFO:Calculating mean and std
2020-09-01 18:21:21,855:INFO:Creating metrics dataframe
2020-09-01 18:21:21,938:INFO:Initializing CatBoost Classifier
2020-09-01 18:21:21,972:INFO:Initializing Fold 1
2020-09-01 18:21:22,007:INFO:Fitting Model
2020-09-01 18:22:10,754:INFO:Evaluating Metrics
2020-09-01 18:22:10,852:INFO:Compiling Metrics
2020-09-01 18:22:10,879:INFO:Initializing Fold 2
2020-09-01 18:22:10,909:INFO:Fitting Model
2020-09-01 18:22:57,402:INFO:Evaluating Metrics
2020-09-01 18:22:57,481:INFO:Compiling Metrics
2020-09-01 18:22:57,509:INFO:Initializing Fold 3
2020-09-01 18:22:57,544:INFO:Fitting Model
2020-09-01 18:23:44,629:INFO:Evaluating Metrics
2020-09-01 18:23:44,708:INFO:Compiling Metrics
2020-09-01 18:23:44,733:INFO:Initializing Fold 4
2020-09-01 18:23:44,764:INFO:Fitting Model
2020-09-01 18:24:32,345:INFO:Evaluating Metrics
2020-09-01 18:24:32,418:INFO:Compiling Metrics
2020-09-01 18:24:32,446:INFO:Initializing Fold 5
2020-09-01 18:24:32,476:INFO:Fitting Model
2020-09-01 18:25:20,570:INFO:Evaluating Metrics
2020-09-01 18:25:20,647:INFO:Compiling Metrics
2020-09-01 18:25:20,674:INFO:Initializing Fold 6
2020-09-01 18:25:20,701:INFO:Fitting Model
2020-09-01 18:26:09,751:INFO:Evaluating Metrics
2020-09-01 18:26:09,832:INFO:Compiling Metrics
2020-09-01 18:26:09,862:INFO:Initializing Fold 7
2020-09-01 18:26:09,901:INFO:Fitting Model
2020-09-01 18:26:58,654:INFO:Evaluating Metrics
2020-09-01 18:26:58,726:INFO:Compiling Metrics
2020-09-01 18:26:58,751:INFO:Initializing Fold 8
2020-09-01 18:26:58,779:INFO:Fitting Model
2020-09-01 18:27:46,339:INFO:Evaluating Metrics
2020-09-01 18:27:46,411:INFO:Compiling Metrics
2020-09-01 18:27:46,437:INFO:Initializing Fold 9
2020-09-01 18:27:46,470:INFO:Fitting Model
2020-09-01 18:28:33,964:INFO:Evaluating Metrics
2020-09-01 18:28:34,043:INFO:Compiling Metrics
2020-09-01 18:28:34,068:INFO:Initializing Fold 10
2020-09-01 18:28:34,093:INFO:Fitting Model
2020-09-01 18:29:21,121:INFO:Evaluating Metrics
2020-09-01 18:29:21,195:INFO:Compiling Metrics
2020-09-01 18:29:21,222:INFO:Calculating mean and std
2020-09-01 18:29:21,225:INFO:Creating metrics dataframe
2020-09-01 18:29:21,326:INFO:Finalizing top_n models
2020-09-01 18:29:21,327:INFO:SubProcess create_model() called ==================================
2020-09-01 18:29:21,353:INFO:Initializing create_model()
2020-09-01 18:29:21,353:INFO:create_model(estimator=xgboost, ensemble=False, method=None, fold=10, round=4, cross_validation=True, verbose=False, system=False)
2020-09-01 18:29:21,353:INFO:Checking exceptions
2020-09-01 18:29:21,353:INFO:Preloading libraries
2020-09-01 18:29:21,354:INFO:Preparing display monitor
2020-09-01 18:29:21,396:INFO:Copying training dataset
2020-09-01 18:29:21,400:INFO:Importing libraries
2020-09-01 18:29:21,403:INFO:Defining folds
2020-09-01 18:29:21,407:INFO:Declaring metric variables
2020-09-01 18:29:21,409:INFO:Importing untrained model
2020-09-01 18:29:21,409:INFO:Extreme Gradient Boosting Imported succesfully
2020-09-01 18:29:21,411:INFO:Checking ensemble method
2020-09-01 18:29:21,421:INFO:Target variable is Multiclass. OneVsRestClassifier activated
2020-09-01 18:29:21,428:INFO:Initializing Fold 1
2020-09-01 18:29:21,435:INFO:Fitting Model
2020-09-01 18:29:32,957:INFO:Evaluating Metrics
2020-09-01 18:29:33,072:INFO:Compiling Metrics
2020-09-01 18:29:33,103:INFO:Initializing Fold 2
2020-09-01 18:29:33,111:INFO:Fitting Model
2020-09-01 18:29:35,297:INFO:Evaluating Metrics
2020-09-01 18:29:35,402:INFO:Compiling Metrics
2020-09-01 18:29:35,434:INFO:Initializing Fold 3
2020-09-01 18:29:35,443:INFO:Fitting Model
2020-09-01 18:29:37,847:INFO:Evaluating Metrics
2020-09-01 18:29:37,954:INFO:Compiling Metrics
2020-09-01 18:29:37,981:INFO:Initializing Fold 4
2020-09-01 18:29:37,987:INFO:Fitting Model
2020-09-01 18:29:40,507:INFO:Evaluating Metrics
2020-09-01 18:29:40,614:INFO:Compiling Metrics
2020-09-01 18:29:40,640:INFO:Initializing Fold 5
2020-09-01 18:29:40,649:INFO:Fitting Model
2020-09-01 18:29:42,858:INFO:Evaluating Metrics
2020-09-01 18:29:42,965:INFO:Compiling Metrics
2020-09-01 18:29:42,996:INFO:Initializing Fold 6
2020-09-01 18:29:43,002:INFO:Fitting Model
2020-09-01 18:29:45,201:INFO:Evaluating Metrics
2020-09-01 18:29:45,307:INFO:Compiling Metrics
2020-09-01 18:29:45,334:INFO:Initializing Fold 7
2020-09-01 18:29:45,343:INFO:Fitting Model
2020-09-01 18:29:47,641:INFO:Evaluating Metrics
2020-09-01 18:29:47,747:INFO:Compiling Metrics
2020-09-01 18:29:47,775:INFO:Initializing Fold 8
2020-09-01 18:29:47,781:INFO:Fitting Model
2020-09-01 18:29:49,936:INFO:Evaluating Metrics
2020-09-01 18:29:50,041:INFO:Compiling Metrics
2020-09-01 18:29:50,069:INFO:Initializing Fold 9
2020-09-01 18:29:50,076:INFO:Fitting Model
2020-09-01 18:29:52,203:INFO:Evaluating Metrics
2020-09-01 18:29:52,309:INFO:Compiling Metrics
2020-09-01 18:29:52,340:INFO:Initializing Fold 10
2020-09-01 18:29:52,345:INFO:Fitting Model
2020-09-01 18:29:54,579:INFO:Evaluating Metrics
2020-09-01 18:29:54,691:INFO:Compiling Metrics
2020-09-01 18:29:54,721:INFO:Calculating mean and std
2020-09-01 18:29:54,725:INFO:Creating metrics dataframe
2020-09-01 18:29:54,743:INFO:Finalizing model
2020-09-01 18:29:57,213:INFO:Uploading results into container
2020-09-01 18:29:57,214:INFO:Uploading model into container now
2020-09-01 18:29:57,214:INFO:create_model_container: 1
2020-09-01 18:29:57,215:INFO:master_model_container: 1
2020-09-01 18:29:57,215:INFO:display_container: 1
2020-09-01 18:29:57,225:INFO:OneVsRestClassifier(estimator=XGBClassifier(base_score=None, booster=None,
                                            colsample_bylevel=None,
                                            colsample_bynode=None,
                                            colsample_bytree=None, gamma=None,
                                            gpu_id=None, importance_type='gain',
                                            interaction_constraints=None,
                                            learning_rate=None,
                                            max_delta_step=None, max_depth=None,
                                            min_child_weight=None, missing=nan,
                                            monotone_constraints=None,
                                            n_estimators=100, n_jobs=-1,
                                            num_parallel_tree=None,
                                            objective='binary:logistic',
                                            random_state=123, reg_alpha=None,
                                            reg_lambda=None,
                                            scale_pos_weight=None,
                                            subsample=None, tree_method=None,
                                            validate_parameters=None,
                                            verbosity=0),
                    n_jobs=-1)
2020-09-01 18:29:57,225:INFO:create_model() succesfully completed......................................
2020-09-01 18:29:57,226:INFO:SubProcess create_model() end ==================================
2020-09-01 18:29:57,502:INFO:create_model_container: 1
2020-09-01 18:29:57,503:INFO:master_model_container: 1
2020-09-01 18:29:57,503:INFO:display_container: 2
2020-09-01 18:29:57,511:INFO:OneVsRestClassifier(estimator=XGBClassifier(base_score=None, booster=None,
                                            colsample_bylevel=None,
                                            colsample_bynode=None,
                                            colsample_bytree=None, gamma=None,
                                            gpu_id=None, importance_type='gain',
                                            interaction_constraints=None,
                                            learning_rate=None,
                                            max_delta_step=None, max_depth=None,
                                            min_child_weight=None, missing=nan,
                                            monotone_constraints=None,
                                            n_estimators=100, n_jobs=-1,
                                            num_parallel_tree=None,
                                            objective='binary:logistic',
                                            random_state=123, reg_alpha=None,
                                            reg_lambda=None,
                                            scale_pos_weight=None,
                                            subsample=None, tree_method=None,
                                            validate_parameters=None,
                                            verbosity=0),
                    n_jobs=-1)
2020-09-01 18:29:57,512:INFO:compare_models() succesfully completed......................................
2020-09-01 18:30:30,091:INFO:Initializing create_model()
2020-09-01 18:30:30,091:INFO:create_model(estimator=xgboost, ensemble=False, method=None, fold=10, round=4, cross_validation=True, verbose=True, system=True)
2020-09-01 18:30:30,092:INFO:Checking exceptions
2020-09-01 18:30:30,092:INFO:Preloading libraries
2020-09-01 18:30:30,093:INFO:Preparing display monitor
2020-09-01 18:30:30,192:INFO:Copying training dataset
2020-09-01 18:30:30,195:INFO:Importing libraries
2020-09-01 18:30:30,198:INFO:Defining folds
2020-09-01 18:30:30,198:INFO:Declaring metric variables
2020-09-01 18:30:30,218:INFO:Importing untrained model
2020-09-01 18:30:30,219:INFO:Extreme Gradient Boosting Imported succesfully
2020-09-01 18:30:30,221:INFO:Checking ensemble method
2020-09-01 18:30:30,226:INFO:Target variable is Multiclass. OneVsRestClassifier activated
2020-09-01 18:30:30,253:INFO:Initializing Fold 1
2020-09-01 18:30:30,278:INFO:Fitting Model
2020-09-01 18:30:32,600:INFO:Evaluating Metrics
2020-09-01 18:30:32,709:INFO:Compiling Metrics
2020-09-01 18:30:32,788:INFO:Initializing Fold 2
2020-09-01 18:30:32,821:INFO:Fitting Model
2020-09-01 18:30:35,224:INFO:Evaluating Metrics
2020-09-01 18:30:35,329:INFO:Compiling Metrics
2020-09-01 18:30:35,407:INFO:Initializing Fold 3
2020-09-01 18:30:35,436:INFO:Fitting Model
2020-09-01 18:30:37,642:INFO:Evaluating Metrics
2020-09-01 18:30:37,749:INFO:Compiling Metrics
2020-09-01 18:30:37,830:INFO:Initializing Fold 4
2020-09-01 18:30:37,856:INFO:Fitting Model
2020-09-01 18:30:40,302:INFO:Evaluating Metrics
2020-09-01 18:30:40,427:INFO:Compiling Metrics
2020-09-01 18:30:40,523:INFO:Initializing Fold 5
2020-09-01 18:30:40,555:INFO:Fitting Model
2020-09-01 18:30:43,266:INFO:Evaluating Metrics
2020-09-01 18:30:43,373:INFO:Compiling Metrics
2020-09-01 18:30:43,476:INFO:Initializing Fold 6
2020-09-01 18:30:43,501:INFO:Fitting Model
2020-09-01 18:30:45,700:INFO:Evaluating Metrics
2020-09-01 18:30:45,815:INFO:Compiling Metrics
2020-09-01 18:30:45,894:INFO:Initializing Fold 7
2020-09-01 18:30:45,923:INFO:Fitting Model
2020-09-01 18:30:48,175:INFO:Evaluating Metrics
2020-09-01 18:30:48,281:INFO:Compiling Metrics
2020-09-01 18:30:48,365:INFO:Initializing Fold 8
2020-09-01 18:30:48,397:INFO:Fitting Model
2020-09-01 18:30:50,651:INFO:Evaluating Metrics
2020-09-01 18:30:50,757:INFO:Compiling Metrics
2020-09-01 18:30:50,843:INFO:Initializing Fold 9
2020-09-01 18:30:50,866:INFO:Fitting Model
2020-09-01 18:30:53,133:INFO:Evaluating Metrics
2020-09-01 18:30:53,240:INFO:Compiling Metrics
2020-09-01 18:30:53,328:INFO:Initializing Fold 10
2020-09-01 18:30:53,354:INFO:Fitting Model
2020-09-01 18:30:55,612:INFO:Evaluating Metrics
2020-09-01 18:30:55,717:INFO:Compiling Metrics
2020-09-01 18:30:55,801:INFO:Calculating mean and std
2020-09-01 18:30:55,806:INFO:Creating metrics dataframe
2020-09-01 18:30:55,852:INFO:Finalizing model
2020-09-01 18:30:58,278:INFO:Uploading results into container
2020-09-01 18:30:58,279:INFO:Uploading model into container now
2020-09-01 18:30:58,454:INFO:create_model_container: 2
2020-09-01 18:30:58,455:INFO:master_model_container: 2
2020-09-01 18:30:58,455:INFO:display_container: 3
2020-09-01 18:30:58,462:INFO:OneVsRestClassifier(estimator=XGBClassifier(base_score=None, booster=None,
                                            colsample_bylevel=None,
                                            colsample_bynode=None,
                                            colsample_bytree=None, gamma=None,
                                            gpu_id=None, importance_type='gain',
                                            interaction_constraints=None,
                                            learning_rate=None,
                                            max_delta_step=None, max_depth=None,
                                            min_child_weight=None, missing=nan,
                                            monotone_constraints=None,
                                            n_estimators=100, n_jobs=-1,
                                            num_parallel_tree=None,
                                            objective='binary:logistic',
                                            random_state=123, reg_alpha=None,
                                            reg_lambda=None,
                                            scale_pos_weight=None,
                                            subsample=None, tree_method=None,
                                            validate_parameters=None,
                                            verbosity=0),
                    n_jobs=-1)
2020-09-01 18:30:58,462:INFO:create_model() succesfully completed......................................
2020-09-01 18:31:34,527:INFO:Initializing tune_model()
2020-09-01 18:31:34,536:INFO:tune_model(estimator=OneVsRestClassifier(estimator=XGBClassifier(base_score=None, booster=None,
                                            colsample_bylevel=None,
                                            colsample_bynode=None,
                                            colsample_bytree=None, gamma=None,
                                            gpu_id=None, importance_type='gain',
                                            interaction_constraints=None,
                                            learning_rate=None,
                                            max_delta_step=None, max_depth=None,
                                            min_child_weight=None, missing=nan,
                                            monotone_constraints=None,
                                            n_estimators=100, n_jobs=-1,
                                            num_parallel_tree=None,
                                            objective='binary:logistic',
                                            random_state=123, reg_alpha=None,
                                            reg_lambda=None,
                                            scale_pos_weight=None,
                                            subsample=None, tree_method=None,
                                            validate_parameters=None,
                                            verbosity=0),
                    n_jobs=-1), fold=10, round=4, n_iter=10, custom_grid=None, optimize=Accuracy, choose_better=False, verbose=True)
2020-09-01 18:31:34,537:INFO:Checking exceptions
2020-09-01 18:31:34,542:INFO:Preloading libraries
2020-09-01 18:31:34,542:INFO:Preparing display monitor
2020-09-01 18:31:34,615:INFO:Copying training dataset
2020-09-01 18:31:34,622:INFO:Importing libraries
2020-09-01 18:31:34,652:INFO:Checking base model
2020-09-01 18:31:34,656:INFO:Base model : Extreme Gradient Boosting
2020-09-01 18:31:34,659:INFO:Defining folds
2020-09-01 18:31:34,659:INFO:Declaring metric variables
2020-09-01 18:31:34,680:INFO:Defining Hyperparameters
2020-09-01 18:31:34,681:INFO:Initializing RandomizedSearchCV
2020-09-01 18:35:22,115:INFO:Random search completed
2020-09-01 18:35:22,177:INFO:Initializing Fold 1
2020-09-01 18:35:22,206:INFO:Fitting Model
2020-09-01 18:36:57,554:INFO:Evaluating Metrics
2020-09-01 18:36:59,983:INFO:Compiling Metrics
2020-09-01 18:37:00,067:INFO:Initializing Fold 2
2020-09-01 18:37:00,094:INFO:Fitting Model
2020-09-01 18:38:35,039:INFO:Evaluating Metrics
2020-09-01 18:38:37,499:INFO:Compiling Metrics
2020-09-01 18:38:37,574:INFO:Initializing Fold 3
2020-09-01 18:38:37,601:INFO:Fitting Model
2020-09-01 18:40:13,440:INFO:Evaluating Metrics
2020-09-01 18:40:16,240:INFO:Compiling Metrics
2020-09-01 18:40:16,322:INFO:Initializing Fold 4
2020-09-01 18:40:16,349:INFO:Fitting Model
2020-09-01 18:41:51,948:INFO:Evaluating Metrics
2020-09-01 18:41:54,790:INFO:Compiling Metrics
2020-09-01 18:41:54,896:INFO:Initializing Fold 5
2020-09-01 18:41:54,924:INFO:Fitting Model
2020-09-01 18:43:30,740:INFO:Evaluating Metrics
2020-09-01 18:43:33,186:INFO:Compiling Metrics
2020-09-01 18:43:33,268:INFO:Initializing Fold 6
2020-09-01 18:43:33,293:INFO:Fitting Model
2020-09-01 18:45:08,461:INFO:Evaluating Metrics
2020-09-01 18:45:10,854:INFO:Compiling Metrics
2020-09-01 18:45:10,935:INFO:Initializing Fold 7
2020-09-01 18:45:10,961:INFO:Fitting Model
2020-09-01 18:46:45,701:INFO:Evaluating Metrics
2020-09-01 18:46:48,133:INFO:Compiling Metrics
2020-09-01 18:46:48,211:INFO:Initializing Fold 8
2020-09-01 18:46:48,234:INFO:Fitting Model
2020-09-01 18:48:23,336:INFO:Evaluating Metrics
2020-09-01 18:48:25,750:INFO:Compiling Metrics
2020-09-01 18:48:25,838:INFO:Initializing Fold 9
2020-09-01 18:48:25,867:INFO:Fitting Model
2020-09-01 18:50:00,384:INFO:Evaluating Metrics
2020-09-01 18:50:02,801:INFO:Compiling Metrics
2020-09-01 18:50:02,882:INFO:Initializing Fold 10
2020-09-01 18:50:02,905:INFO:Fitting Model
2020-09-01 18:51:37,181:INFO:Evaluating Metrics
2020-09-01 18:51:39,601:INFO:Compiling Metrics
2020-09-01 18:51:39,711:INFO:Calculating mean and std
2020-09-01 18:51:39,714:INFO:Creating metrics dataframe
2020-09-01 18:51:39,753:INFO:Finalizing model
2020-09-01 18:53:28,013:INFO:Uploading results into container
2020-09-01 18:53:28,014:INFO:Uploading model into container
2020-09-01 18:53:28,179:INFO:create_model_container: 3
2020-09-01 18:53:28,179:INFO:master_model_container: 3
2020-09-01 18:53:28,179:INFO:display_container: 4
2020-09-01 18:53:28,203:INFO:OneVsRestClassifier(estimator=XGBClassifier(base_score=0.5, booster='gbtree',
                                            colsample_bylevel=1,
                                            colsample_bynode=1,
                                            colsample_bytree=0.9, gamma=0,
                                            gpu_id=-1, importance_type='gain',
                                            interaction_constraints='',
                                            learning_rate=0.05,
                                            max_delta_step=0, max_depth=50,
                                            min_child_weight=3, missing=nan,
                                            monotone_constraints='()',
                                            n_estimators=230, n_jobs=-1,
                                            num_class=4, num_parallel_tree=1,
                                            objective='multi:softprob',
                                            random_state=123, reg_alpha=0,
                                            reg_lambda=1, scale_pos_weight=None,
                                            subsample=0.7, tree_method='exact',
                                            validate_parameters=1,
                                            verbosity=0),
                    n_jobs=None)
2020-09-01 18:53:28,204:INFO:tune_model() succesfully completed......................................
2020-09-01 19:35:42,373:INFO:Initializing save_model()
2020-09-01 19:35:42,405:INFO:save_model(model=OneVsRestClassifier(estimator=XGBClassifier(base_score=0.5, booster='gbtree',
                                            colsample_bylevel=1,
                                            colsample_bynode=1,
                                            colsample_bytree=0.9, gamma=0,
                                            gpu_id=-1, importance_type='gain',
                                            interaction_constraints='',
                                            learning_rate=0.05,
                                            max_delta_step=0, max_depth=50,
                                            min_child_weight=3, missing=nan,
                                            monotone_constraints='()',
                                            n_estimators=230, n_jobs=-1,
                                            num_class=4, num_parallel_tree=1,
                                            objective='multi:softprob',
                                            random_state=123, reg_alpha=0,
                                            reg_lambda=1, scale_pos_weight=None,
                                            subsample=0.7, tree_method='exact',
                                            validate_parameters=1,
                                            verbosity=0),
                    n_jobs=None), model_name=Final XGB Model 01Sep2020, verbose=True)
2020-09-01 19:35:42,405:INFO:Appending prep pipeline
2020-09-01 19:35:42,757:INFO:Final XGB Model 01Sep2020.pkl saved in current working directory
2020-09-01 19:35:42,802:INFO:[Pipeline(memory=None,
         steps=[('dtypes',
                 DataTypes_Auto_infer(categorical_features=[],
                                      display_types=True, features_todrop=[],
                                      ml_usecase='classification',
                                      numerical_features=[],
                                      target='Segmentation',
                                      time_features=[])),
                ('imputer',
                 Simple_Imputer(categorical_strategy='not_available',
                                numeric_strategy='mean',
                                target_variable=None)),
                ('new_levels1',
                 New_Catagoric...
                ('group', Empty()), ('nonliner', Empty()), ('scaling', Empty()),
                ('P_transform', Empty()), ('pt_target', Empty()),
                ('binn', Empty()), ('rem_outliers', Empty()),
                ('cluster_all', Empty()),
                ('dummy', Dummify(target='Segmentation')),
                ('fix_perfect', Empty()), ('clean_names', Clean_Colum_Names()),
                ('feature_select', Empty()), ('fix_multi', Empty()),
                ('dfs', Empty()), ('pca', Empty())],
         verbose=False), OneVsRestClassifier(estimator=XGBClassifier(base_score=0.5, booster='gbtree',
                                            colsample_bylevel=1,
                                            colsample_bynode=1,
                                            colsample_bytree=0.9, gamma=0,
                                            gpu_id=-1, importance_type='gain',
                                            interaction_constraints='',
                                            learning_rate=0.05,
                                            max_delta_step=0, max_depth=50,
                                            min_child_weight=3, missing=nan,
                                            monotone_constraints='()',
                                            n_estimators=230, n_jobs=-1,
                                            num_class=4, num_parallel_tree=1,
                                            objective='multi:softprob',
                                            random_state=123, reg_alpha=0,
                                            reg_lambda=1, scale_pos_weight=None,
                                            subsample=0.7, tree_method='exact',
                                            validate_parameters=1,
                                            verbosity=0),
                    n_jobs=None)]
2020-09-01 19:35:42,802:INFO:save_model() succesfully completed......................................
2020-09-01 19:35:47,546:INFO:Initializing save_model()
2020-09-01 19:35:47,571:INFO:save_model(model=OneVsRestClassifier(estimator=XGBClassifier(base_score=0.5, booster='gbtree',
                                            colsample_bylevel=1,
                                            colsample_bynode=1,
                                            colsample_bytree=0.9, gamma=0,
                                            gpu_id=-1, importance_type='gain',
                                            interaction_constraints='',
                                            learning_rate=0.05,
                                            max_delta_step=0, max_depth=50,
                                            min_child_weight=3, missing=nan,
                                            monotone_constraints='()',
                                            n_estimators=230, n_jobs=-1,
                                            num_class=4, num_parallel_tree=1,
                                            objective='multi:softprob',
                                            random_state=123, reg_alpha=0,
                                            reg_lambda=1, scale_pos_weight=None,
                                            subsample=0.7, tree_method='exact',
                                            validate_parameters=1,
                                            verbosity=0),
                    n_jobs=None), model_name=Final XGB Model 01Sep2020, verbose=True)
2020-09-01 19:35:47,571:INFO:Appending prep pipeline
2020-09-01 19:35:48,331:INFO:Final XGB Model 01Sep2020.pkl saved in current working directory
2020-09-01 19:35:48,375:INFO:[Pipeline(memory=None,
         steps=[('dtypes',
                 DataTypes_Auto_infer(categorical_features=[],
                                      display_types=True, features_todrop=[],
                                      ml_usecase='classification',
                                      numerical_features=[],
                                      target='Segmentation',
                                      time_features=[])),
                ('imputer',
                 Simple_Imputer(categorical_strategy='not_available',
                                numeric_strategy='mean',
                                target_variable=None)),
                ('new_levels1',
                 New_Catagoric...
                ('group', Empty()), ('nonliner', Empty()), ('scaling', Empty()),
                ('P_transform', Empty()), ('pt_target', Empty()),
                ('binn', Empty()), ('rem_outliers', Empty()),
                ('cluster_all', Empty()),
                ('dummy', Dummify(target='Segmentation')),
                ('fix_perfect', Empty()), ('clean_names', Clean_Colum_Names()),
                ('feature_select', Empty()), ('fix_multi', Empty()),
                ('dfs', Empty()), ('pca', Empty())],
         verbose=False), OneVsRestClassifier(estimator=XGBClassifier(base_score=0.5, booster='gbtree',
                                            colsample_bylevel=1,
                                            colsample_bynode=1,
                                            colsample_bytree=0.9, gamma=0,
                                            gpu_id=-1, importance_type='gain',
                                            interaction_constraints='',
                                            learning_rate=0.05,
                                            max_delta_step=0, max_depth=50,
                                            min_child_weight=3, missing=nan,
                                            monotone_constraints='()',
                                            n_estimators=230, n_jobs=-1,
                                            num_class=4, num_parallel_tree=1,
                                            objective='multi:softprob',
                                            random_state=123, reg_alpha=0,
                                            reg_lambda=1, scale_pos_weight=None,
                                            subsample=0.7, tree_method='exact',
                                            validate_parameters=1,
                                            verbosity=0),
                    n_jobs=None)]
2020-09-01 19:35:48,376:INFO:save_model() succesfully completed......................................
